#Packing pin usage report
Type: io
	Input Pin Usage:
		Max: 1.00 (0.50)
		Avg: 0.74 (0.37)
		Min: 0.00 (0.00)
		Histogram:
		[        0:      0.2)  74 ( 25.5%) |****************
		[      0.2:      0.4)   0 (  0.0%) |
		[      0.4:      0.6)   0 (  0.0%) |
		[      0.6:      0.8)   0 (  0.0%) |
		[      0.8:        1) 216 ( 74.5%) |***********************************************
		[        1:      1.2)   0 (  0.0%) |
		[      1.2:      1.4)   0 (  0.0%) |
		[      1.4:      1.6)   0 (  0.0%) |
		[      1.6:      1.8)   0 (  0.0%) |
		[      1.8:        2)   0 (  0.0%) |
	Output Pin Usage:
		Max: 1.00 (1.00)
		Avg: 0.26 (0.26)
		Min: 0.00 (0.00)
		Histogram:
		[        0:      0.1) 216 ( 74.5%) |***********************************************
		[      0.1:      0.2)   0 (  0.0%) |
		[      0.2:      0.3)   0 (  0.0%) |
		[      0.3:      0.4)   0 (  0.0%) |
		[      0.4:      0.5)   0 (  0.0%) |
		[      0.5:      0.6)   0 (  0.0%) |
		[      0.6:      0.7)   0 (  0.0%) |
		[      0.7:      0.8)   0 (  0.0%) |
		[      0.8:      0.9)   0 (  0.0%) |
		[      0.9:        1)  74 ( 25.5%) |****************

Type: clb
	Input Pin Usage:
		Max: 40.00 (0.65)
		Avg: 23.40 (0.38)
		Min: 0.00 (0.00)
		Histogram:
		[        0:      6.2) 1 ( 20.0%) |*************************
		[      6.2:       12) 0 (  0.0%) |
		[       12:       19) 1 ( 20.0%) |*************************
		[       19:       25) 1 ( 20.0%) |*************************
		[       25:       31) 0 (  0.0%) |
		[       31:       37) 0 (  0.0%) |
		[       37:       43) 2 ( 40.0%) |*************************************************
		[       43:       50) 0 (  0.0%) |
		[       50:       56) 0 (  0.0%) |
		[       56:       62) 0 (  0.0%) |
	Output Pin Usage:
		Max: 20.00 (0.49)
		Avg: 14.80 (0.36)
		Min: 1.00 (0.02)
		Histogram:
		[        0:      4.1) 1 ( 20.0%) |****************
		[      4.1:      8.2) 0 (  0.0%) |
		[      8.2:       12) 0 (  0.0%) |
		[       12:       16) 1 ( 20.0%) |****************
		[       16:       20) 3 ( 60.0%) |*************************************************
		[       20:       25) 0 (  0.0%) |
		[       25:       29) 0 (  0.0%) |
		[       29:       33) 0 (  0.0%) |
		[       33:       37) 0 (  0.0%) |
		[       37:       41) 0 (  0.0%) |

Type: d_hard_top
	Input Pin Usage:
		Max: 74.00 (1.00)
		Avg: 65.90 (0.89)
		Min: 6.00 (0.08)
		Histogram:
		[        0:      7.4)  2 (  9.5%) |*****
		[      7.4:       15)  0 (  0.0%) |
		[       15:       22)  0 (  0.0%) |
		[       22:       30)  0 (  0.0%) |
		[       30:       37)  0 (  0.0%) |
		[       37:       44)  1 (  4.8%) |***
		[       44:       52)  0 (  0.0%) |
		[       52:       59)  0 (  0.0%) |
		[       59:       67)  0 (  0.0%) |
		[       67:       74) 18 ( 85.7%) |************************************************
	Output Pin Usage:
		Max: 72.00 (1.00)
		Avg: 72.00 (1.00)
		Min: 72.00 (1.00)
		Histogram:
		[        0:      7.2)  0 (  0.0%) |
		[      7.2:       14)  0 (  0.0%) |
		[       14:       22)  0 (  0.0%) |
		[       22:       29)  0 (  0.0%) |
		[       29:       36)  0 (  0.0%) |
		[       36:       43)  0 (  0.0%) |
		[       43:       50)  0 (  0.0%) |
		[       50:       58)  0 (  0.0%) |
		[       58:       65)  0 (  0.0%) |
		[       65:       72) 21 (100.0%) |************************************************

Type: memory
	Input Pin Usage:
		Max: 1.00 (0.02)
		Avg: 1.00 (0.02)
		Min: 1.00 (0.02)
		Histogram:
		[        0:      6.5) 2 (100.0%) |*************************************************
		[      6.5:       13) 0 (  0.0%) |
		[       13:       20) 0 (  0.0%) |
		[       20:       26) 0 (  0.0%) |
		[       26:       32) 0 (  0.0%) |
		[       32:       39) 0 (  0.0%) |
		[       39:       46) 0 (  0.0%) |
		[       46:       52) 0 (  0.0%) |
		[       52:       58) 0 (  0.0%) |
		[       58:       65) 0 (  0.0%) |
	Output Pin Usage:
		Max: 2.00 (0.05)
		Avg: 2.00 (0.05)
		Min: 2.00 (0.05)
		Histogram:
		[        0:        4) 2 (100.0%) |*************************************************
		[        4:        8) 0 (  0.0%) |
		[        8:       12) 0 (  0.0%) |
		[       12:       16) 0 (  0.0%) |
		[       16:       20) 0 (  0.0%) |
		[       20:       24) 0 (  0.0%) |
		[       24:       28) 0 (  0.0%) |
		[       28:       32) 0 (  0.0%) |
		[       32:       36) 0 (  0.0%) |
		[       36:       40) 0 (  0.0%) |

