#Packing pin usage report
Type: io
	Input Pin Usage:
		Max: 1.00 (0.50)
		Avg: 0.49 (0.25)
		Min: 0.00 (0.00)
		Histogram:
		[        0:      0.2) 74 ( 50.7%) |************************************************
		[      0.2:      0.4)  0 (  0.0%) |
		[      0.4:      0.6)  0 (  0.0%) |
		[      0.6:      0.8)  0 (  0.0%) |
		[      0.8:        1) 72 ( 49.3%) |***********************************************
		[        1:      1.2)  0 (  0.0%) |
		[      1.2:      1.4)  0 (  0.0%) |
		[      1.4:      1.6)  0 (  0.0%) |
		[      1.6:      1.8)  0 (  0.0%) |
		[      1.8:        2)  0 (  0.0%) |
	Output Pin Usage:
		Max: 1.00 (1.00)
		Avg: 0.51 (0.51)
		Min: 0.00 (0.00)
		Histogram:
		[        0:      0.1) 72 ( 49.3%) |***********************************************
		[      0.1:      0.2)  0 (  0.0%) |
		[      0.2:      0.3)  0 (  0.0%) |
		[      0.3:      0.4)  0 (  0.0%) |
		[      0.4:      0.5)  0 (  0.0%) |
		[      0.5:      0.6)  0 (  0.0%) |
		[      0.6:      0.7)  0 (  0.0%) |
		[      0.7:      0.8)  0 (  0.0%) |
		[      0.8:      0.9)  0 (  0.0%) |
		[      0.9:        1) 74 ( 50.7%) |************************************************

Type: clb
	Input Pin Usage:
		Max: 40.00 (0.65)
		Avg: 29.62 (0.48)
		Min: 17.00 (0.27)
		Histogram:
		[        0:      6.2) 0 (  0.0%) |
		[      6.2:       12) 0 (  0.0%) |
		[       12:       19) 1 ( 12.5%) |************
		[       19:       25) 3 ( 37.5%) |*************************************
		[       25:       31) 0 (  0.0%) |
		[       31:       37) 0 (  0.0%) |
		[       37:       43) 4 ( 50.0%) |*************************************************
		[       43:       50) 0 (  0.0%) |
		[       50:       56) 0 (  0.0%) |
		[       56:       62) 0 (  0.0%) |
	Output Pin Usage:
		Max: 21.00 (0.51)
		Avg: 19.12 (0.47)
		Min: 14.00 (0.34)
		Histogram:
		[        0:      4.1) 0 (  0.0%) |
		[      4.1:      8.2) 0 (  0.0%) |
		[      8.2:       12) 0 (  0.0%) |
		[       12:       16) 1 ( 12.5%) |********
		[       16:       20) 6 ( 75.0%) |*************************************************
		[       20:       25) 1 ( 12.5%) |********
		[       25:       29) 0 (  0.0%) |
		[       29:       33) 0 (  0.0%) |
		[       33:       37) 0 (  0.0%) |
		[       37:       41) 0 (  0.0%) |

Type: d_hard_top
	Input Pin Usage:
		Max: 73.00 (1.00)
		Avg: 73.00 (1.00)
		Min: 73.00 (1.00)
		Histogram:
		[        0:      7.3) 0 (  0.0%) |
		[      7.3:       15) 0 (  0.0%) |
		[       15:       22) 0 (  0.0%) |
		[       22:       29) 0 (  0.0%) |
		[       29:       36) 0 (  0.0%) |
		[       36:       44) 0 (  0.0%) |
		[       44:       51) 0 (  0.0%) |
		[       51:       58) 0 (  0.0%) |
		[       58:       66) 0 (  0.0%) |
		[       66:       73) 3 (100.0%) |*************************************************
	Output Pin Usage:
		Max: 72.00 (1.00)
		Avg: 72.00 (1.00)
		Min: 72.00 (1.00)
		Histogram:
		[        0:      7.2) 0 (  0.0%) |
		[      7.2:       14) 0 (  0.0%) |
		[       14:       22) 0 (  0.0%) |
		[       22:       29) 0 (  0.0%) |
		[       29:       36) 0 (  0.0%) |
		[       36:       43) 0 (  0.0%) |
		[       43:       50) 0 (  0.0%) |
		[       50:       58) 0 (  0.0%) |
		[       58:       65) 0 (  0.0%) |
		[       65:       72) 3 (100.0%) |*************************************************

Type: dsp_top
	Input Pin Usage:
		Max: 54.00 (0.24)
		Avg: 36.00 (0.16)
		Min: 18.00 (0.08)
		Histogram:
		[        0:       22) 1 ( 25.0%) |*************************
		[       22:       44) 2 ( 50.0%) |*************************************************
		[       44:       66) 1 ( 25.0%) |*************************
		[       66:       88) 0 (  0.0%) |
		[       88:  1.1e+02) 0 (  0.0%) |
		[  1.1e+02:  1.3e+02) 0 (  0.0%) |
		[  1.3e+02:  1.5e+02) 0 (  0.0%) |
		[  1.5e+02:  1.8e+02) 0 (  0.0%) |
		[  1.8e+02:    2e+02) 0 (  0.0%) |
		[    2e+02:  2.2e+02) 0 (  0.0%) |
	Output Pin Usage:
		Max: 54.00 (0.33)
		Avg: 36.00 (0.22)
		Min: 18.00 (0.11)
		Histogram:
		[        0:       16) 0 (  0.0%) |
		[       16:       33) 1 ( 25.0%) |*************************
		[       33:       50) 2 ( 50.0%) |*************************************************
		[       50:       66) 1 ( 25.0%) |*************************
		[       66:       82) 0 (  0.0%) |
		[       82:       99) 0 (  0.0%) |
		[       99:  1.2e+02) 0 (  0.0%) |
		[  1.2e+02:  1.3e+02) 0 (  0.0%) |
		[  1.3e+02:  1.5e+02) 0 (  0.0%) |
		[  1.5e+02:  1.6e+02) 0 (  0.0%) |

