#Packing pin usage report
Type: io
	Input Pin Usage:
		Max: 1.00 (0.50)
		Avg: 0.74 (0.37)
		Min: 0.00 (0.00)
		Histogram:
		[        0:      0.2)  74 ( 25.5%) |****************
		[      0.2:      0.4)   0 (  0.0%) |
		[      0.4:      0.6)   0 (  0.0%) |
		[      0.6:      0.8)   0 (  0.0%) |
		[      0.8:        1) 216 ( 74.5%) |***********************************************
		[        1:      1.2)   0 (  0.0%) |
		[      1.2:      1.4)   0 (  0.0%) |
		[      1.4:      1.6)   0 (  0.0%) |
		[      1.6:      1.8)   0 (  0.0%) |
		[      1.8:        2)   0 (  0.0%) |
	Output Pin Usage:
		Max: 1.00 (1.00)
		Avg: 0.26 (0.26)
		Min: 0.00 (0.00)
		Histogram:
		[        0:      0.1) 216 ( 74.5%) |***********************************************
		[      0.1:      0.2)   0 (  0.0%) |
		[      0.2:      0.3)   0 (  0.0%) |
		[      0.3:      0.4)   0 (  0.0%) |
		[      0.4:      0.5)   0 (  0.0%) |
		[      0.5:      0.6)   0 (  0.0%) |
		[      0.6:      0.7)   0 (  0.0%) |
		[      0.7:      0.8)   0 (  0.0%) |
		[      0.8:      0.9)   0 (  0.0%) |
		[      0.9:        1)  74 ( 25.5%) |****************

Type: clb
	Input Pin Usage:
		Max: 41.00 (0.66)
		Avg: 7.70 (0.12)
		Min: 0.00 (0.00)
		Histogram:
		[        0:      6.2) 40 ( 70.2%) |************************************************
		[      6.2:       12)  4 (  7.0%) |*****
		[       12:       19)  2 (  3.5%) |**
		[       19:       25)  5 (  8.8%) |******
		[       25:       31)  0 (  0.0%) |
		[       31:       37)  0 (  0.0%) |
		[       37:       43)  6 ( 10.5%) |*******
		[       43:       50)  0 (  0.0%) |
		[       50:       56)  0 (  0.0%) |
		[       56:       62)  0 (  0.0%) |
	Output Pin Usage:
		Max: 20.00 (0.49)
		Avg: 16.49 (0.40)
		Min: 1.00 (0.02)
		Histogram:
		[        0:      4.1)  4 (  7.0%) |*****
		[      4.1:      8.2)  2 (  3.5%) |***
		[      8.2:       12) 10 ( 17.5%) |*************
		[       12:       16)  3 (  5.3%) |****
		[       16:       20) 38 ( 66.7%) |************************************************
		[       20:       25)  0 (  0.0%) |
		[       25:       29)  0 (  0.0%) |
		[       29:       33)  0 (  0.0%) |
		[       33:       37)  0 (  0.0%) |
		[       37:       41)  0 (  0.0%) |

Type: d_hard_top
	Input Pin Usage:
		Max: 146.00 (1.00)
		Avg: 135.58 (0.93)
		Min: 40.00 (0.27)
		Histogram:
		[        0:       15)  0 (  0.0%) |
		[       15:       29)  0 (  0.0%) |
		[       29:       44)  1 (  4.2%) |**
		[       44:       58)  0 (  0.0%) |
		[       58:       73)  0 (  0.0%) |
		[       73:       88)  2 (  8.3%) |*****
		[       88:    1e+02)  0 (  0.0%) |
		[    1e+02:  1.2e+02)  0 (  0.0%) |
		[  1.2e+02:  1.3e+02)  0 (  0.0%) |
		[  1.3e+02:  1.5e+02) 21 ( 87.5%) |************************************************
	Output Pin Usage:
		Max: 144.00 (1.00)
		Avg: 108.00 (0.75)
		Min: 72.00 (0.50)
		Histogram:
		[        0:       14)  0 (  0.0%) |
		[       14:       29)  0 (  0.0%) |
		[       29:       43)  0 (  0.0%) |
		[       43:       58)  0 (  0.0%) |
		[       58:       72) 12 ( 50.0%) |************************************************
		[       72:       86)  0 (  0.0%) |
		[       86:    1e+02)  0 (  0.0%) |
		[    1e+02:  1.2e+02)  0 (  0.0%) |
		[  1.2e+02:  1.3e+02)  0 (  0.0%) |
		[  1.3e+02:  1.4e+02) 12 ( 50.0%) |************************************************

Type: memory
	Input Pin Usage:
		Max: 63.00 (0.97)
		Avg: 63.00 (0.97)
		Min: 63.00 (0.97)
		Histogram:
		[        0:      6.5) 0 (  0.0%) |
		[      6.5:       13) 0 (  0.0%) |
		[       13:       20) 0 (  0.0%) |
		[       20:       26) 0 (  0.0%) |
		[       26:       32) 0 (  0.0%) |
		[       32:       39) 0 (  0.0%) |
		[       39:       46) 0 (  0.0%) |
		[       46:       52) 0 (  0.0%) |
		[       52:       58) 0 (  0.0%) |
		[       58:       65) 2 (100.0%) |*************************************************
	Output Pin Usage:
		Max: 40.00 (1.00)
		Avg: 40.00 (1.00)
		Min: 40.00 (1.00)
		Histogram:
		[        0:        4) 0 (  0.0%) |
		[        4:        8) 0 (  0.0%) |
		[        8:       12) 0 (  0.0%) |
		[       12:       16) 0 (  0.0%) |
		[       16:       20) 0 (  0.0%) |
		[       20:       24) 0 (  0.0%) |
		[       24:       28) 0 (  0.0%) |
		[       28:       32) 0 (  0.0%) |
		[       32:       36) 0 (  0.0%) |
		[       36:       40) 2 (100.0%) |*************************************************

